=== GPU Info ===
CUDA available: True
GPU count: 1
GPU name: NVIDIA H200
GPU memory: 150.1 GB

=== Training Config ===
model:
  name: microsoft/BiomedNLP-PubMedBERT-base-uncased-abstract-fulltext
training:
  seed: 42
  epochs: 20
  batch_size: 16
  gradient_accumulation_steps: 2
  learning_rate: 2.0e-05
  max_length: 192
  weight_decay: 0.02
  lr_scheduler_type: linear
  warmup_ratio: 0.0
  warmup_steps: 500
  metric_for_best_model: entity_f1
  greater_is_better: true
  save_total_limit: 2
  logging_steps: 25
  fp16: true
  bf16: false
  early_stopping:
    patience: 4
    threshold: 0.0005

=== Data Stats ===
  11884 data/processed/train.jsonl
   3962 data/processed/val.jsonl
   3961 data/processed/test.jsonl
  19807 total

=== Starting Training ===
{'loss': '4.275', 'grad_norm': '17.59', 'learning_rate': '8e-07', 'epoch': '0.06729'}
{'loss': '3.978', 'grad_norm': '16.67', 'learning_rate': '1.8e-06', 'epoch': '0.1346'}
{'loss': '3.261', 'grad_norm': '6.309', 'learning_rate': '2.8e-06', 'epoch': '0.2019'}
{'loss': '2.34', 'grad_norm': '4.503', 'learning_rate': '3.8e-06', 'epoch': '0.2692'}
{'loss': '1.641', 'grad_norm': '4.759', 'learning_rate': '4.8e-06', 'epoch': '0.3365'}
{'loss': '1.014', 'grad_norm': '4.428', 'learning_rate': '5.8e-06', 'epoch': '0.4038'}
{'loss': '0.7108', 'grad_norm': '4.542', 'learning_rate': '6.8e-06', 'epoch': '0.4711'}
{'loss': '0.5451', 'grad_norm': '5.843', 'learning_rate': '7.8e-06', 'epoch': '0.5384'}
{'loss': '0.404', 'grad_norm': '2.474', 'learning_rate': '8.8e-06', 'epoch': '0.6057'}
{'loss': '0.344', 'grad_norm': '3.76', 'learning_rate': '9.8e-06', 'epoch': '0.6729'}
{'loss': '0.374', 'grad_norm': '3.136', 'learning_rate': '1.08e-05', 'epoch': '0.7402'}
{'loss': '0.3414', 'grad_norm': '4.066', 'learning_rate': '1.18e-05', 'epoch': '0.8075'}
{'loss': '0.35', 'grad_norm': '3.71', 'learning_rate': '1.28e-05', 'epoch': '0.8748'}
{'loss': '0.3545', 'grad_norm': '1.989', 'learning_rate': '1.38e-05', 'epoch': '0.9421'}
{'eval_loss': '0.1615', 'eval_token_accuracy': '0.9191', 'eval_entity_token_precision': '0.9751', 'eval_entity_token_recall': '0.8022', 'eval_entity_token_f1': '0.8802', 'eval_entity_f1': '0.8802', 'eval_runtime': '1.772', 'eval_samples_per_second': '2236', 'eval_steps_per_second': '140', 'epoch': '1'}
{'loss': '0.3041', 'grad_norm': '1.396', 'learning_rate': '1.48e-05', 'epoch': '1.008'}
{'loss': '0.3514', 'grad_norm': '1.645', 'learning_rate': '1.58e-05', 'epoch': '1.075'}
{'loss': '0.3459', 'grad_norm': '2.583', 'learning_rate': '1.68e-05', 'epoch': '1.143'}
{'loss': '0.3345', 'grad_norm': '1.661', 'learning_rate': '1.78e-05', 'epoch': '1.21'}
{'loss': '0.2969', 'grad_norm': '3.514', 'learning_rate': '1.88e-05', 'epoch': '1.277'}
{'loss': '0.3248', 'grad_norm': '2.222', 'learning_rate': '1.98e-05', 'epoch': '1.345'}
{'loss': '0.3461', 'grad_norm': '1.859', 'learning_rate': '1.994e-05', 'epoch': '1.412'}
{'loss': '0.3114', 'grad_norm': '0.8043', 'learning_rate': '1.987e-05', 'epoch': '1.479'}
{'loss': '0.3206', 'grad_norm': '1.333', 'learning_rate': '1.98e-05', 'epoch': '1.546'}
{'loss': '0.2922', 'grad_norm': '1.318', 'learning_rate': '1.973e-05', 'epoch': '1.614'}
{'loss': '0.3036', 'grad_norm': '1.914', 'learning_rate': '1.965e-05', 'epoch': '1.681'}
{'loss': '0.2982', 'grad_norm': '1.146', 'learning_rate': '1.958e-05', 'epoch': '1.748'}
{'loss': '0.2902', 'grad_norm': '1.773', 'learning_rate': '1.951e-05', 'epoch': '1.816'}
{'loss': '0.3458', 'grad_norm': '0.9253', 'learning_rate': '1.944e-05', 'epoch': '1.883'}
{'loss': '0.2892', 'grad_norm': '1.052', 'learning_rate': '1.937e-05', 'epoch': '1.95'}
{'eval_loss': '0.153', 'eval_token_accuracy': '0.9217', 'eval_entity_token_precision': '0.9757', 'eval_entity_token_recall': '0.8087', 'eval_entity_token_f1': '0.8844', 'eval_entity_f1': '0.8844', 'eval_runtime': '1.75', 'eval_samples_per_second': '2264', 'eval_steps_per_second': '141.7', 'epoch': '2'}
{'loss': '0.2975', 'grad_norm': '0.8388', 'learning_rate': '1.929e-05', 'epoch': '2.016'}
{'loss': '0.2835', 'grad_norm': '0.7979', 'learning_rate': '1.922e-05', 'epoch': '2.083'}
{'loss': '0.3288', 'grad_norm': '1.547', 'learning_rate': '1.915e-05', 'epoch': '2.151'}
{'loss': '0.2952', 'grad_norm': '0.6204', 'learning_rate': '1.908e-05', 'epoch': '2.218'}
{'loss': '0.2952', 'grad_norm': '3.539', 'learning_rate': '1.901e-05', 'epoch': '2.285'}
{'loss': '0.2935', 'grad_norm': '1.06', 'learning_rate': '1.893e-05', 'epoch': '2.353'}
{'loss': '0.3152', 'grad_norm': '0.8402', 'learning_rate': '1.886e-05', 'epoch': '2.42'}
{'loss': '0.2939', 'grad_norm': '1.18', 'learning_rate': '1.879e-05', 'epoch': '2.487'}
{'loss': '0.3162', 'grad_norm': '0.7298', 'learning_rate': '1.872e-05', 'epoch': '2.555'}
{'loss': '0.2695', 'grad_norm': '1.248', 'learning_rate': '1.865e-05', 'epoch': '2.622'}
{'loss': '0.2844', 'grad_norm': '1.13', 'learning_rate': '1.857e-05', 'epoch': '2.689'}
{'loss': '0.3086', 'grad_norm': '0.9494', 'learning_rate': '1.85e-05', 'epoch': '2.756'}
{'loss': '0.3087', 'grad_norm': '0.8225', 'learning_rate': '1.843e-05', 'epoch': '2.824'}
{'loss': '0.3238', 'grad_norm': '0.9898', 'learning_rate': '1.836e-05', 'epoch': '2.891'}
{'loss': '0.279', 'grad_norm': '0.7092', 'learning_rate': '1.829e-05', 'epoch': '2.958'}
{'eval_loss': '0.1539', 'eval_token_accuracy': '0.9217', 'eval_entity_token_precision': '0.9522', 'eval_entity_token_recall': '0.8304', 'eval_entity_token_f1': '0.8871', 'eval_entity_f1': '0.8871', 'eval_runtime': '1.748', 'eval_samples_per_second': '2266', 'eval_steps_per_second': '141.9', 'epoch': '3'}
{'loss': '0.3071', 'grad_norm': '0.7157', 'learning_rate': '1.821e-05', 'epoch': '3.024'}
{'loss': '0.2756', 'grad_norm': '1.506', 'learning_rate': '1.814e-05', 'epoch': '3.092'}
{'loss': '0.3088', 'grad_norm': '0.7828', 'learning_rate': '1.807e-05', 'epoch': '3.159'}
{'loss': '0.274', 'grad_norm': '1.114', 'learning_rate': '1.8e-05', 'epoch': '3.226'}
{'loss': '0.3105', 'grad_norm': '0.9686', 'learning_rate': '1.793e-05', 'epoch': '3.293'}
{'loss': '0.2707', 'grad_norm': '1.048', 'learning_rate': '1.785e-05', 'epoch': '3.361'}
{'loss': '0.298', 'grad_norm': '2.448', 'learning_rate': '1.778e-05', 'epoch': '3.428'}
{'loss': '0.3024', 'grad_norm': '0.66', 'learning_rate': '1.771e-05', 'epoch': '3.495'}
{'loss': '0.293', 'grad_norm': '0.6245', 'learning_rate': '1.764e-05', 'epoch': '3.563'}
{'loss': '0.2957', 'grad_norm': '0.7749', 'learning_rate': '1.756e-05', 'epoch': '3.63'}
{'loss': '0.3107', 'grad_norm': '0.742', 'learning_rate': '1.749e-05', 'epoch': '3.697'}
{'loss': '0.2936', 'grad_norm': '1.189', 'learning_rate': '1.742e-05', 'epoch': '3.764'}
{'loss': '0.3031', 'grad_norm': '0.6741', 'learning_rate': '1.735e-05', 'epoch': '3.832'}
{'loss': '0.2951', 'grad_norm': '0.8039', 'learning_rate': '1.728e-05', 'epoch': '3.899'}
{'loss': '0.3001', 'grad_norm': '0.7417', 'learning_rate': '1.72e-05', 'epoch': '3.966'}
{'eval_loss': '0.1522', 'eval_token_accuracy': '0.9218', 'eval_entity_token_precision': '0.9596', 'eval_entity_token_recall': '0.8237', 'eval_entity_token_f1': '0.8865', 'eval_entity_f1': '0.8865', 'eval_runtime': '1.747', 'eval_samples_per_second': '2268', 'eval_steps_per_second': '141.9', 'epoch': '4'}
{'loss': '0.2973', 'grad_norm': '0.7665', 'learning_rate': '1.713e-05', 'epoch': '4.032'}
{'loss': '0.305', 'grad_norm': '0.8868', 'learning_rate': '1.706e-05', 'epoch': '4.1'}
{'loss': '0.2977', 'grad_norm': '0.7658', 'learning_rate': '1.699e-05', 'epoch': '4.167'}
{'loss': '0.2894', 'grad_norm': '0.8172', 'learning_rate': '1.692e-05', 'epoch': '4.234'}
{'loss': '0.2893', 'grad_norm': '0.6944', 'learning_rate': '1.684e-05', 'epoch': '4.301'}
{'loss': '0.2902', 'grad_norm': '0.6483', 'learning_rate': '1.677e-05', 'epoch': '4.369'}
{'loss': '0.3272', 'grad_norm': '0.6696', 'learning_rate': '1.67e-05', 'epoch': '4.436'}
{'loss': '0.309', 'grad_norm': '0.7984', 'learning_rate': '1.663e-05', 'epoch': '4.503'}
{'loss': '0.2764', 'grad_norm': '0.6118', 'learning_rate': '1.656e-05', 'epoch': '4.571'}
{'loss': '0.2813', 'grad_norm': '0.6766', 'learning_rate': '1.648e-05', 'epoch': '4.638'}
{'loss': '0.2767', 'grad_norm': '0.6914', 'learning_rate': '1.641e-05', 'epoch': '4.705'}
{'loss': '0.2853', 'grad_norm': '0.7173', 'learning_rate': '1.634e-05', 'epoch': '4.773'}
{'loss': '0.3022', 'grad_norm': '0.5848', 'learning_rate': '1.627e-05', 'epoch': '4.84'}
{'loss': '0.2879', 'grad_norm': '2.595', 'learning_rate': '1.62e-05', 'epoch': '4.907'}
{'loss': '0.2835', 'grad_norm': '1.459', 'learning_rate': '1.612e-05', 'epoch': '4.974'}
{'eval_loss': '0.1549', 'eval_token_accuracy': '0.9212', 'eval_entity_token_precision': '0.959', 'eval_entity_token_recall': '0.8224', 'eval_entity_token_f1': '0.8855', 'eval_entity_f1': '0.8855', 'eval_runtime': '1.749', 'eval_samples_per_second': '2265', 'eval_steps_per_second': '141.8', 'epoch': '5'}
{'loss': '0.2723', 'grad_norm': '0.4901', 'learning_rate': '1.605e-05', 'epoch': '5.04'}
{'loss': '0.2716', 'grad_norm': '1.231', 'learning_rate': '1.598e-05', 'epoch': '5.108'}
{'loss': '0.2847', 'grad_norm': '0.6496', 'learning_rate': '1.591e-05', 'epoch': '5.175'}
{'loss': '0.2766', 'grad_norm': '0.8485', 'learning_rate': '1.584e-05', 'epoch': '5.242'}
{'loss': '0.3172', 'grad_norm': '1.104', 'learning_rate': '1.576e-05', 'epoch': '5.31'}
{'loss': '0.3165', 'grad_norm': '0.6008', 'learning_rate': '1.569e-05', 'epoch': '5.377'}
{'loss': '0.2825', 'grad_norm': '0.7365', 'learning_rate': '1.562e-05', 'epoch': '5.444'}
{'loss': '0.2826', 'grad_norm': '0.692', 'learning_rate': '1.555e-05', 'epoch': '5.511'}
{'loss': '0.2912', 'grad_norm': '0.7988', 'learning_rate': '1.548e-05', 'epoch': '5.579'}
{'loss': '0.2967', 'grad_norm': '0.7485', 'learning_rate': '1.54e-05', 'epoch': '5.646'}
{'loss': '0.2973', 'grad_norm': '0.902', 'learning_rate': '1.533e-05', 'epoch': '5.713'}
{'loss': '0.3032', 'grad_norm': '1.287', 'learning_rate': '1.526e-05', 'epoch': '5.781'}
{'loss': '0.2919', 'grad_norm': '0.507', 'learning_rate': '1.519e-05', 'epoch': '5.848'}
{'loss': '0.3006', 'grad_norm': '0.7045', 'learning_rate': '1.512e-05', 'epoch': '5.915'}
{'loss': '0.2985', 'grad_norm': '0.6281', 'learning_rate': '1.504e-05', 'epoch': '5.983'}
{'eval_loss': '0.1553', 'eval_token_accuracy': '0.9215', 'eval_entity_token_precision': '0.9535', 'eval_entity_token_recall': '0.8284', 'eval_entity_token_f1': '0.8866', 'eval_entity_f1': '0.8866', 'eval_runtime': '1.752', 'eval_samples_per_second': '2262', 'eval_steps_per_second': '141.6', 'epoch': '6'}
{'loss': '0.2698', 'grad_norm': '0.7226', 'learning_rate': '1.497e-05', 'epoch': '6.048'}
{'loss': '0.2911', 'grad_norm': '0.5392', 'learning_rate': '1.49e-05', 'epoch': '6.116'}
{'loss': '0.3095', 'grad_norm': '0.9374', 'learning_rate': '1.483e-05', 'epoch': '6.183'}
{'loss': '0.3228', 'grad_norm': '0.9309', 'learning_rate': '1.476e-05', 'epoch': '6.25'}
{'loss': '0.2824', 'grad_norm': '0.8261', 'learning_rate': '1.468e-05', 'epoch': '6.318'}
{'loss': '0.2833', 'grad_norm': '0.8394', 'learning_rate': '1.461e-05', 'epoch': '6.385'}
{'loss': '0.2698', 'grad_norm': '1.189', 'learning_rate': '1.454e-05', 'epoch': '6.452'}
{'loss': '0.3141', 'grad_norm': '1.125', 'learning_rate': '1.447e-05', 'epoch': '6.52'}
{'loss': '0.2832', 'grad_norm': '0.9915', 'learning_rate': '1.439e-05', 'epoch': '6.587'}
{'loss': '0.2589', 'grad_norm': '1.507', 'learning_rate': '1.432e-05', 'epoch': '6.654'}
{'loss': '0.2622', 'grad_norm': '0.9362', 'learning_rate': '1.425e-05', 'epoch': '6.721'}
{'loss': '0.3025', 'grad_norm': '0.644', 'learning_rate': '1.418e-05', 'epoch': '6.789'}
{'loss': '0.2802', 'grad_norm': '0.9937', 'learning_rate': '1.411e-05', 'epoch': '6.856'}
{'loss': '0.2849', 'grad_norm': '0.812', 'learning_rate': '1.403e-05', 'epoch': '6.923'}
{'loss': '0.3088', 'grad_norm': '0.7742', 'learning_rate': '1.396e-05', 'epoch': '6.991'}
{'eval_loss': '0.1585', 'eval_token_accuracy': '0.9177', 'eval_entity_token_precision': '0.9379', 'eval_entity_token_recall': '0.833', 'eval_entity_token_f1': '0.8823', 'eval_entity_f1': '0.8823', 'eval_runtime': '1.749', 'eval_samples_per_second': '2265', 'eval_steps_per_second': '141.8', 'epoch': '7'}
{'train_runtime': '129.5', 'train_samples_per_second': '1835', 'train_steps_per_second': '57.45', 'train_loss': '0.4489', 'epoch': '7'}
[OK] Training complete. Artifacts saved to artifacts/models/pubmedbert_ner

=== Running Evaluation ===
[OK] Wrote evaluation report to artifacts/metrics/evaluation_metrics.json
{
  "ner": {
    "status": "ok",
    "token_count": 55232,
    "token_accuracy": 0.9242,
    "entity_token_precision": 0.9547,
    "entity_token_recall": 0.8369,
    "entity_token_f1": 0.8919,
    "label_space": [
      "B-BIOMARKER",
      "B-REFERENCE_RANGE",
      "B-UNIT",
      "B-VALUE",
      "I-BIOMARKER",
      "I-REFERENCE_RANGE",
      "I-UNIT",
      "O"
    ]
  },
  "retrieval": {
    "status": "ok",
    "query_count": 120,
    "precision_at_k": 0.0417,
    "recall_at_k": 0.0771,
    "mrr_at_k": 0.1833,
    "k": 5
  }
}

=== Evaluation Results ===
{
  "ner": {
    "status": "ok",
    "token_count": 55232,
    "token_accuracy": 0.9242,
    "entity_token_precision": 0.9547,
    "entity_token_recall": 0.8369,
    "entity_token_f1": 0.8919,
    "label_space": [
      "B-BIOMARKER",
      "B-REFERENCE_RANGE",
      "B-UNIT",
      "B-VALUE",
      "I-BIOMARKER",
      "I-REFERENCE_RANGE",
      "I-UNIT",
      "O"
    ]
  },
  "retrieval": {
    "status": "ok",
    "query_count": 120,
    "precision_at_k": 0.0417,
    "recall_at_k": 0.0771,
    "mrr_at_k": 0.1833,
    "k": 5
  }
}
[OK] Training + evaluation finished
