Warning: You are sending unauthenticated requests to the HF Hub. Please set a HF_TOKEN to enable higher rate limits and faster downloads.
Loading weights:   0%|          | 0/197 [00:00<?, ?it/s]Loading weights: 100%|██████████| 197/197 [00:00<00:00, 48255.44it/s]
[1mBertForTokenClassification LOAD REPORT[0m from: microsoft/BiomedNLP-PubMedBERT-base-uncased-abstract-fulltext
Key                                        | Status     | 
-------------------------------------------+------------+-
cls.predictions.transform.dense.bias       | UNEXPECTED | 
bert.pooler.dense.bias                     | UNEXPECTED | 
cls.predictions.transform.dense.weight     | UNEXPECTED | 
cls.seq_relationship.bias                  | UNEXPECTED | 
cls.predictions.transform.LayerNorm.weight | UNEXPECTED | 
cls.seq_relationship.weight                | UNEXPECTED | 
cls.predictions.decoder.weight             | UNEXPECTED | 
cls.predictions.transform.LayerNorm.bias   | UNEXPECTED | 
cls.predictions.bias                       | UNEXPECTED | 
bert.pooler.dense.weight                   | UNEXPECTED | 
cls.predictions.decoder.bias               | UNEXPECTED | 
classifier.weight                          | MISSING    | 
classifier.bias                            | MISSING    | 

Notes:
- UNEXPECTED:	can be ignored when loading from different task/architecture; not ok if you expect identical arch.
- MISSING:	those params were newly initialized because missing from the checkpoint. Consider training on your downstream task.
warmup_ratio is deprecated and will be removed in v5.2. Use `warmup_steps` instead.
Traceback (most recent call last):
  File "/home/bandari.ru/AAI-6620-NLP-Final-Project/scripts/run_ner_training.py", line 32, in <module>
    main()
    ~~~~^^
  File "/home/bandari.ru/AAI-6620-NLP-Final-Project/scripts/run_ner_training.py", line 27, in main
    train(config_path=args.config, data_dir=args.data_dir, output_dir=args.output_dir)
    ~~~~~^^^^^^^^^^^^^^^^^^^^^^^^^^^^^^^^^^^^^^^^^^^^^^^^^^^^^^^^^^^^^^^^^^^^^^^^^^^^^
  File "/home/bandari.ru/AAI-6620-NLP-Final-Project/src/ner/train_pubmedbert.py", line 232, in train
    trainer.train()
    ~~~~~~~~~~~~~^^
  File "/home/bandari.ru/AAI-6620-NLP-Final-Project/.venv/lib/python3.13/site-packages/transformers/trainer.py", line 1425, in train
    return inner_training_loop(
        args=args,
    ...<2 lines>...
        ignore_keys_for_eval=ignore_keys_for_eval,
    )
  File "/home/bandari.ru/AAI-6620-NLP-Final-Project/.venv/lib/python3.13/site-packages/transformers/trainer.py", line 1446, in _inner_training_loop
    train_dataloader = self.get_train_dataloader()
  File "/home/bandari.ru/AAI-6620-NLP-Final-Project/.venv/lib/python3.13/site-packages/transformers/trainer.py", line 875, in get_train_dataloader
    return self._get_dataloader(
           ~~~~~~~~~~~~~~~~~~~~^
        dataset=self.train_dataset,
        ^^^^^^^^^^^^^^^^^^^^^^^^^^^
    ...<3 lines>...
        is_training=True,
        ^^^^^^^^^^^^^^^^^
    )
    ^
  File "/home/bandari.ru/AAI-6620-NLP-Final-Project/.venv/lib/python3.13/site-packages/transformers/trainer.py", line 966, in _get_dataloader
    if is_datasets_available() and isinstance(dataset, datasets.Dataset):
                                                       ^^^^^^^^^^^^^^^^
AttributeError: module 'datasets' has no attribute 'Dataset'
