/home/bandari.ru/AAI-6620-NLP-Final-Project/.venv/lib/python3.13/site-packages/torch/cuda/__init__.py:180: UserWarning: CUDA initialization: The NVIDIA driver on your system is too old (found version 12080). Please update your GPU driver by downloading and installing a new version from the URL: http://www.nvidia.com/Download/index.aspx Alternatively, go to: https://pytorch.org to install a PyTorch version that has been compiled with your version of the CUDA driver. (Triggered internally at /pytorch/c10/cuda/CUDAFunctions.cpp:119.)
  return torch._C._cuda_getDeviceCount() > 0
Warning: You are sending unauthenticated requests to the HF Hub. Please set a HF_TOKEN to enable higher rate limits and faster downloads.
Loading weights:   0%|          | 0/197 [00:00<?, ?it/s]Loading weights: 100%|██████████| 197/197 [00:00<00:00, 38065.04it/s]
[1mBertForTokenClassification LOAD REPORT[0m from: microsoft/BiomedNLP-PubMedBERT-base-uncased-abstract-fulltext
Key                                        | Status     | 
-------------------------------------------+------------+-
cls.predictions.decoder.weight             | UNEXPECTED | 
cls.predictions.transform.LayerNorm.bias   | UNEXPECTED | 
bert.pooler.dense.weight                   | UNEXPECTED | 
cls.predictions.decoder.bias               | UNEXPECTED | 
cls.seq_relationship.bias                  | UNEXPECTED | 
bert.pooler.dense.bias                     | UNEXPECTED | 
cls.predictions.transform.LayerNorm.weight | UNEXPECTED | 
cls.seq_relationship.weight                | UNEXPECTED | 
cls.predictions.transform.dense.bias       | UNEXPECTED | 
cls.predictions.transform.dense.weight     | UNEXPECTED | 
cls.predictions.bias                       | UNEXPECTED | 
classifier.weight                          | MISSING    | 
classifier.bias                            | MISSING    | 

Notes:
- UNEXPECTED:	can be ignored when loading from different task/architecture; not ok if you expect identical arch.
- MISSING:	those params were newly initialized because missing from the checkpoint. Consider training on your downstream task.
warmup_ratio is deprecated and will be removed in v5.2. Use `warmup_steps` instead.
/home/bandari.ru/AAI-6620-NLP-Final-Project/.venv/lib/python3.13/site-packages/torch/cuda/__init__.py:180: UserWarning: CUDA initialization: The NVIDIA driver on your system is too old (found version 12080). Please update your GPU driver by downloading and installing a new version from the URL: http://www.nvidia.com/Download/index.aspx Alternatively, go to: https://pytorch.org to install a PyTorch version that has been compiled with your version of the CUDA driver. (Triggered internally at /pytorch/c10/cuda/CUDAFunctions.cpp:119.)
  return torch._C._cuda_getDeviceCount() > 0
Traceback (most recent call last):
  File "/home/bandari.ru/AAI-6620-NLP-Final-Project/scripts/run_ner_training.py", line 32, in <module>
    main()
    ~~~~^^
  File "/home/bandari.ru/AAI-6620-NLP-Final-Project/scripts/run_ner_training.py", line 27, in main
    train(config_path=args.config, data_dir=args.data_dir, output_dir=args.output_dir)
    ~~~~~^^^^^^^^^^^^^^^^^^^^^^^^^^^^^^^^^^^^^^^^^^^^^^^^^^^^^^^^^^^^^^^^^^^^^^^^^^^^^
  File "/home/bandari.ru/AAI-6620-NLP-Final-Project/src/ner/train_pubmedbert.py", line 210, in train
    args = TrainingArguments(**args_kwargs)
  File "<string>", line 112, in __init__
  File "/home/bandari.ru/AAI-6620-NLP-Final-Project/.venv/lib/python3.13/site-packages/transformers/training_args.py", line 1537, in __post_init__
    self._validate_args()
    ~~~~~~~~~~~~~~~~~~~^^
  File "/home/bandari.ru/AAI-6620-NLP-Final-Project/.venv/lib/python3.13/site-packages/transformers/training_args.py", line 1699, in _validate_args
    raise ValueError(error_message)
ValueError: Your setup doesn't support bf16/gpu. You need to assign use_cpu if you want to train the model on CPU.
